Flow report for CV_96
Sun Jan 02 19:19:51 2022
Quartus Prime Version 20.1.0 Build 711 06/05/2020 SJ Standard Edition


---------------------
; Table of Contents ;
---------------------
  1. Legal Notice
  2. Flow Summary
  3. Flow Settings
  4. Flow Non-Default Global Settings
  5. Flow Elapsed Time
  6. Flow OS Summary
  7. Flow Log
  8. Flow Messages
  9. Flow Suppressed Messages



----------------
; Legal Notice ;
----------------
Copyright (C) 2020  Intel Corporation. All rights reserved.
Your use of Intel Corporation's design tools, logic functions 
and other software and tools, and any partner logic 
functions, and any output files from any of the foregoing 
(including device programming or simulation files), and any 
associated documentation or information are expressly subject 
to the terms and conditions of the Intel Program License 
Subscription Agreement, the Intel Quartus Prime License Agreement,
the Intel FPGA IP License Agreement, or other applicable license
agreement, including, without limitation, that your use is for
the sole purpose of programming logic devices manufactured by
Intel and sold by Intel or its authorized distributors.  Please
refer to the applicable agreement for further details, at
https://fpgasoftware.intel.com/eula.



+-----------------------------------------------------------------------------------+
; Flow Summary                                                                      ;
+---------------------------------+-------------------------------------------------+
; Flow Status                     ; Successful - Sun Jan 02 19:19:43 2022           ;
; Quartus Prime Version           ; 20.1.0 Build 711 06/05/2020 SJ Standard Edition ;
; Revision Name                   ; CV_96                                           ;
; Top-level Entity Name           ; CV_96                                           ;
; Family                          ; Cyclone V                                       ;
; Device                          ; 5CSEBA6U19I7                                    ;
; Timing Models                   ; Final                                           ;
; Logic utilization (in ALMs)     ; 24 / 41,910 ( < 1 % )                           ;
; Total registers                 ; 42                                              ;
; Total pins                      ; 2 / 205 ( < 1 % )                               ;
; Total virtual pins              ; 0                                               ;
; Total block memory bits         ; 0 / 5,662,720 ( 0 % )                           ;
; Total DSP Blocks                ; 0 / 112 ( 0 % )                                 ;
; Total HSSI RX PCSs              ; 0                                               ;
; Total HSSI PMA RX Deserializers ; 0                                               ;
; Total HSSI TX PCSs              ; 0                                               ;
; Total HSSI PMA TX Serializers   ; 0                                               ;
; Total PLLs                      ; 0 / 6 ( 0 % )                                   ;
; Total DLLs                      ; 0 / 4 ( 0 % )                                   ;
+---------------------------------+-------------------------------------------------+


+-----------------------------------------+
; Flow Settings                           ;
+-------------------+---------------------+
; Option            ; Setting             ;
+-------------------+---------------------+
; Start date & time ; 01/02/2022 19:18:42 ;
; Main task         ; Compilation         ;
; Revision Name     ; CV_96               ;
+-------------------+---------------------+


+-----------------------------------------------------------------------------------------------------------------------------------------------+
; Flow Non-Default Global Settings                                                                                                              ;
+---------------------------------------+--------------------------------------------------------+---------------+-------------+----------------+
; Assignment Name                       ; Value                                                  ; Default Value ; Entity Name ; Section Id     ;
+---------------------------------------+--------------------------------------------------------+---------------+-------------+----------------+
; COMPILER_SIGNATURE_ID                 ; 26403095942914.164114752207892                         ; --            ; --          ; --             ;
; ECO_REGENERATE_REPORT                 ; On                                                     ; Off           ; --          ; --             ;
; EDA_OUTPUT_DATA_FORMAT                ; None                                                   ; --            ; --          ; eda_simulation ;
; EDA_TIME_SCALE                        ; 1 ps                                                   ; --            ; --          ; eda_simulation ;
; MAX_CORE_JUNCTION_TEMP                ; 100                                                    ; --            ; --          ; --             ;
; MIN_CORE_JUNCTION_TEMP                ; -40                                                    ; --            ; --          ; --             ;
; MISC_FILE                             ; iOSC/synthesis/../iOSC.cmp                             ; --            ; --          ; --             ;
; MISC_FILE                             ; iOSC/synthesis/../../iOSC.qsys                         ; --            ; --          ; --             ;
; PARTITION_COLOR                       ; -- (Not supported for targeted family)                 ; --            ; --          ; Top            ;
; PARTITION_FITTER_PRESERVATION_LEVEL   ; -- (Not supported for targeted family)                 ; --            ; --          ; Top            ;
; PARTITION_NETLIST_TYPE                ; -- (Not supported for targeted family)                 ; --            ; --          ; Top            ;
; POWER_BOARD_THERMAL_MODEL             ; None (CONSERVATIVE)                                    ; --            ; --          ; --             ;
; POWER_PRESET_COOLING_SOLUTION         ; 23 MM HEAT SINK WITH 200 LFPM AIRFLOW                  ; --            ; --          ; --             ;
; PROJECT_OUTPUT_DIRECTORY              ; output_files                                           ; --            ; --          ; --             ;
; SLD_FILE                              ; iOSC/synthesis/iOSC.debuginfo                          ; --            ; --          ; --             ;
; SLD_INFO                              ; QSYS_NAME iOSC HAS_SOPCINFO 1 GENERATION_ID 1641142355 ; --            ; iOSC        ; --             ;
; SOPCINFO_FILE                         ; iOSC/synthesis/../../iOSC.sopcinfo                     ; --            ; --          ; --             ;
; SYNTHESIS_ONLY_QIP                    ; On                                                     ; --            ; --          ; --             ;
; USE_DLL_FREQUENCY_FOR_DQS_DELAY_CHAIN ; On                                                     ; Off           ; --          ; --             ;
+---------------------------------------+--------------------------------------------------------+---------------+-------------+----------------+


+--------------------------------------------------------------------------------------------------------------------------+
; Flow Elapsed Time                                                                                                        ;
+----------------------+--------------+-------------------------+---------------------+------------------------------------+
; Module Name          ; Elapsed Time ; Average Processors Used ; Peak Virtual Memory ; Total CPU Time (on all processors) ;
+----------------------+--------------+-------------------------+---------------------+------------------------------------+
; Analysis & Synthesis ; 00:00:12     ; 1.0                     ; 4854 MB             ; 00:00:28                           ;
; Fitter               ; 00:00:38     ; 1.0                     ; 6637 MB             ; 00:01:08                           ;
; Assembler            ; 00:00:09     ; 1.0                     ; 4845 MB             ; 00:00:08                           ;
; Timing Analyzer      ; 00:00:07     ; 1.0                     ; 5177 MB             ; 00:00:07                           ;
; Total                ; 00:01:06     ; --                      ; --                  ; 00:01:51                           ;
+----------------------+--------------+-------------------------+---------------------+------------------------------------+


+------------------------------------------------------------------------------------+
; Flow OS Summary                                                                    ;
+----------------------+------------------+------------+------------+----------------+
; Module Name          ; Machine Hostname ; OS Name    ; OS Version ; Processor type ;
+----------------------+------------------+------------+------------+----------------+
; Analysis & Synthesis ; DESKTOP-DCDO3DH  ; Windows 10 ; 10.0       ; x86_64         ;
; Fitter               ; DESKTOP-DCDO3DH  ; Windows 10 ; 10.0       ; x86_64         ;
; Assembler            ; DESKTOP-DCDO3DH  ; Windows 10 ; 10.0       ; x86_64         ;
; Timing Analyzer      ; DESKTOP-DCDO3DH  ; Windows 10 ; 10.0       ; x86_64         ;
+----------------------+------------------+------------+------------+----------------+


------------
; Flow Log ;
------------
quartus_map --read_settings_files=on --write_settings_files=off CV_96 -c CV_96
quartus_fit --read_settings_files=off --write_settings_files=off CV_96 -c CV_96
quartus_asm --read_settings_files=off --write_settings_files=off CV_96 -c CV_96
quartus_sta CV_96 -c CV_96



