Assembler report for top
Thu Dec  7 18:56:51 2023
Quartus Prime Version 17.1.0 Build 590 10/25/2017 SJ Lite Edition


---------------------
; Table of Contents ;
---------------------
  1. Legal Notice
  2. Assembler Summary
  3. Assembler Settings
  4. Assembler Generated Files
  5. Assembler Device Options: top.sof
  6. Assembler Device Options: top.svf
  7. Assembler Device Options: top_pof.svf
  8. Assembler Messages



----------------
; Legal Notice ;
----------------
Copyright (C) 2017  Intel Corporation. All rights reserved.
Your use of Intel Corporation's design tools, logic functions 
and other software and tools, and its AMPP partner logic 
functions, and any output files from any of the foregoing 
(including device programming or simulation files), and any 
associated documentation or information are expressly subject 
to the terms and conditions of the Intel Program License 
Subscription Agreement, the Intel Quartus Prime License Agreement,
the Intel FPGA IP License Agreement, or other applicable license
agreement, including, without limitation, that your use is for
the sole purpose of programming logic devices manufactured by
Intel and sold by Intel or its authorized distributors.  Please
refer to the applicable agreement for further details.



+---------------------------------------------------------------+
; Assembler Summary                                             ;
+-----------------------+---------------------------------------+
; Assembler Status      ; Successful - Thu Dec  7 18:56:51 2023 ;
; Revision Name         ; top                                   ;
; Top-level Entity Name ; top                                   ;
; Family                ; MAX 10                                ;
; Device                ; 10M04DAF256C8G                        ;
+-----------------------+---------------------------------------+


+----------------------------------+
; Assembler Settings               ;
+--------+---------+---------------+
; Option ; Setting ; Default Value ;
+--------+---------+---------------+


+---------------------------------------------------------------------------------------+
; Assembler Generated Files                                                             ;
+---------------------------------------------------------------------------------------+
; File Name                                                                             ;
+---------------------------------------------------------------------------------------+
; /home/jordi/FPGAs/FPGA-Mezzanine/10M04_17/MEZZANINE_TEMPLATE/output_files/top.sof     ;
; /home/jordi/FPGAs/FPGA-Mezzanine/10M04_17/MEZZANINE_TEMPLATE/output_files/top.svf     ;
; /home/jordi/FPGAs/FPGA-Mezzanine/10M04_17/MEZZANINE_TEMPLATE/output_files/top_pof.svf ;
+---------------------------------------------------------------------------------------+


+-----------------------------------+
; Assembler Device Options: top.sof ;
+----------------+------------------+
; Option         ; Setting          ;
+----------------+------------------+
; JTAG usercode  ; 0x0007BC0A       ;
; Checksum       ; 0x0007BC0A       ;
+----------------+------------------+


+-----------------------------------+
; Assembler Device Options: top.svf ;
+-----------+-----------------------+
; Option    ; Setting               ;
+-----------+-----------------------+
; SVF file  ;                       ;
+-----------+-----------------------+


+---------------------------------------+
; Assembler Device Options: top_pof.svf ;
+-----------+---------------------------+
; Option    ; Setting                   ;
+-----------+---------------------------+
; SVF file  ;                           ;
+-----------+---------------------------+


+--------------------+
; Assembler Messages ;
+--------------------+
Info: *******************************************************************
Info: Running Quartus Prime Assembler
    Info: Version 17.1.0 Build 590 10/25/2017 SJ Lite Edition
    Info: Processing started: Thu Dec  7 18:56:51 2023
Info: Command: quartus_asm --read_settings_files=off --write_settings_files=off top -c top
Info (115031): Writing out detailed assembly data for power analysis
Info (115030): Assembler is generating device programming files
Info: Quartus Prime Assembler was successful. 0 errors, 0 warnings
    Info: Peak virtual memory: 791 megabytes
    Info: Processing ended: Thu Dec  7 18:56:51 2023
    Info: Elapsed time: 00:00:00
    Info: Total CPU time (on all processors): 00:00:01


